Line: 1/4
scaler        standard
classifier          LR
Name: 0, dtype: object
Got Features: 0.0 sec
Scoring: roc_auc
Grid Search: 0.184 sec
Grid Search Results: {'grid_roc_auc_mean': 0.98786764705882346, 'grid_roc_auc_std': 0.0052722999648055517, 'grid_roc_auc_best_params': "{'penalty': 'l1'}"}
Got Scores: 0.171 sec
Scores mean: 0.9877225706459054
Scores std: 0.005320193897002166
Scores: [ 0.99307958  0.98961938  0.98046875]

Line: 2/4
scaler        standard
classifier         SVC
Name: 1, dtype: object
Got Features: 0.0 sec
Scoring: roc_auc
Grid Search: 0.175 sec
Grid Search Results: {'grid_roc_auc_mean': 0.98448529411764696, 'grid_roc_auc_std': 0.0038629655857555182, 'grid_roc_auc_best_params': "{'kernel': 'poly'}"}
Got Scores: 0.169 sec
Scores mean: 0.9845597246251442
Scores std: 0.0038609454850745207
Scores: [ 0.97923875  0.98615917  0.98828125]

Line: 3/4
scaler        minmax
classifier        LR
Name: 2, dtype: object
Got Features: 0.0 sec
Scoring: roc_auc
Grid Search: 0.178 sec
Grid Search Results: {'grid_roc_auc_mean': 0.99264705882352944, 'grid_roc_auc_std': 0.0063515813776048131, 'grid_roc_auc_best_params': "{'penalty': 'l1'}"}
Got Scores: 0.169 sec
Scores mean: 0.9924848615916955
Scores std: 0.006392726491810676
Scores: [ 1.          0.99307958  0.984375  ]

Line: 4/4
scaler        minmax
classifier       SVC
Name: 3, dtype: object
Got Features: 0.0 sec
Scoring: roc_auc
Grid Search: 0.179 sec
Grid Search Results: {'grid_roc_auc_mean': 0.99036764705882352, 'grid_roc_auc_std': 0.0020208690271195334, 'grid_roc_auc_best_params': "{'kernel': 'rbf'}"}
Got Scores: 0.175 sec
Scores mean: 0.990326737312572
Scores std: 0.002021760444059581
Scores: [ 0.98961938  0.99307958  0.98828125]

